<?xml version="1.0" encoding="UTF-8"?>
<!-- Generated by org.testng.reporters.JUnitReportReporter -->
<testsuite hostname="Shumson" failures="0" tests="1" name="automation6.Patameter4" time="4.529" errors="0" timestamp="2022-11-12T14:49:38 EST" skipped="0">
  <testcase classname="automation6.Patameter4" name="logintest" time="4.529"/>
  <system-out/>
</testsuite> <!-- automation6.Patameter4 -->
