<?xml version="1.0" encoding="UTF-8"?>
<!-- Generated by org.testng.reporters.JUnitReportReporter -->
<testsuite hostname="Shumson" failures="0" tests="5" name="testng_code_2022.Testcase_Excution3" time="13.099" errors="0" timestamp="2022-10-31T21:29:53 EDT" skipped="0">
  <testcase classname="testng_code_2022.Testcase_Excution3" name="testcase2" time="3.880"/>
  <system-out/>
  <testcase classname="testng_code_2022.Testcase_Excution3" name="testcase3" time="2.209"/>
  <system-out/>
  <testcase classname="testng_code_2022.Testcase_Excution3" name="testcase4" time="2.588"/>
  <system-out/>
  <testcase classname="testng_code_2022.Testcase_Excution3" name="testcase1" time="2.323"/>
  <system-out/>
  <testcase classname="testng_code_2022.Testcase_Excution3" name="testcase5" time="2.099"/>
  <system-out/>
</testsuite> <!-- testng_code_2022.Testcase_Excution3 -->
