<?xml version="1.0" encoding="UTF-8"?>
<!-- Generated by org.testng.reporters.JUnitReportReporter -->
<testsuite hostname="Shumson" failures="0" tests="1" name="testng_code_2022.First_TestNG" time="0.007" errors="0" timestamp="2022-10-30T19:11:21 EDT" skipped="0">
  <testcase classname="testng_code_2022.First_TestNG" name="testcase" time="0.007"/>
  <system-out/>
</testsuite> <!-- testng_code_2022.First_TestNG -->
