<?xml version="1.0" encoding="UTF-8"?>
<!-- Generated by org.testng.reporters.JUnitReportReporter -->
<testsuite hostname="Shumson" failures="0" tests="1" name="automation6.WaitConditions" time="4.607" errors="0" timestamp="2022-11-12T14:12:31 EST" skipped="0">
  <testcase classname="automation6.WaitConditions" name="logintest" time="4.607"/>
  <system-out/>
</testsuite> <!-- automation6.WaitConditions -->
