<?xml version="1.0" encoding="UTF-8"?>
<!-- Generated by org.testng.reporters.JUnitReportReporter -->
<testsuite hostname="Shumson" failures="0" tests="5" name="testng_code_2022.Testcase_Excution3" time="20.391" errors="0" timestamp="2022-11-04T21:46:36 EDT" skipped="0">
  <testcase classname="testng_code_2022.Testcase_Excution3" name="testcase3" time="2.226"/>
  <system-out/>
  <testcase classname="testng_code_2022.Testcase_Excution3" name="testcase2" time="6.730"/>
  <system-out/>
  <testcase classname="testng_code_2022.Testcase_Excution3" name="testcase1" time="5.850"/>
  <system-out/>
  <testcase classname="testng_code_2022.Testcase_Excution3" name="testcase5" time="2.094"/>
  <system-out/>
  <testcase classname="testng_code_2022.Testcase_Excution3" name="testcase4" time="3.491"/>
  <system-out/>
</testsuite> <!-- testng_code_2022.Testcase_Excution3 -->
