<?xml version="1.0" encoding="UTF-8"?>
<!-- Generated by org.testng.reporters.JUnitReportReporter -->
<testsuite hostname="Shumson" failures="0" tests="6" name="testng_code_2022.Testcases_Excution2" time="9.759" errors="0" timestamp="2022-11-04T21:45:30 EDT" skipped="0">
  <testcase classname="testng_code_2022.Testcases_Excution2" name="testcase6" time="2.081"/>
  <system-out/>
  <testcase classname="testng_code_2022.Testcases_Excution2" name="testcase3" time="0.053"/>
  <system-out/>
  <testcase classname="testng_code_2022.Testcases_Excution2" name="testcase5" time="3.109"/>
  <system-out/>
  <testcase classname="testng_code_2022.Testcases_Excution2" name="testcase1" time="1.257"/>
  <system-out/>
  <testcase classname="testng_code_2022.Testcases_Excution2" name="testcase2" time="0.081"/>
  <system-out/>
  <testcase classname="testng_code_2022.Testcases_Excution2" name="testcase4" time="3.178"/>
  <system-out/>
</testsuite> <!-- testng_code_2022.Testcases_Excution2 -->
