<?xml version="1.0" encoding="UTF-8"?>
<!-- Generated by org.testng.reporters.JUnitReportReporter -->
<testsuite hostname="Shumson" failures="0" tests="6" name="testng_code_2022.Testcases_Excution2" time="8.274" errors="0" timestamp="2022-10-31T20:22:31 EDT" skipped="0">
  <testcase classname="testng_code_2022.Testcases_Excution2" name="testcase6" time="2.080"/>
  <system-out/>
  <testcase classname="testng_code_2022.Testcases_Excution2" name="testcase3" time="0.057"/>
  <system-out/>
  <testcase classname="testng_code_2022.Testcases_Excution2" name="testcase5" time="2.624"/>
  <system-out/>
  <testcase classname="testng_code_2022.Testcases_Excution2" name="testcase1" time="0.823"/>
  <system-out/>
  <testcase classname="testng_code_2022.Testcases_Excution2" name="testcase2" time="0.070"/>
  <system-out/>
  <testcase classname="testng_code_2022.Testcases_Excution2" name="testcase4" time="2.620"/>
  <system-out/>
</testsuite> <!-- testng_code_2022.Testcases_Excution2 -->
