<?xml version="1.0" encoding="UTF-8"?>
<!-- Generated by org.testng.reporters.JUnitReportReporter -->
<testsuite hostname="Shumson" failures="0" tests="5" name="testng_code_2022.Test_Excution5" time="0.737" errors="0" timestamp="2022-11-04T18:03:13 EDT" skipped="1">
  <testcase classname="testng_code_2022.Test_Excution5" name="testcase1" time="0.468"/>
  <system-out/>
  <testcase classname="testng_code_2022.Test_Excution5" name="testcase3" time="0.074"/>
  <system-out/>
  <testcase classname="testng_code_2022.Test_Excution5" name="testcase4" time="0.174"/>
  <system-out/>
  <testcase classname="testng_code_2022.Test_Excution5" name="testcase5" time="0.021"/>
  <system-out/>
  <testcase classname="testng_code_2022.Test_Excution5" name="testcase2">
    <skipped/>
  </testcase> <!-- testcase2 -->
  <system-out/>
</testsuite> <!-- testng_code_2022.Test_Excution5 -->
