<?xml version="1.0" encoding="UTF-8"?>
<!-- Generated by org.testng.reporters.JUnitReportReporter -->
<testsuite hostname="Shumson" failures="0" tests="2" name="testng_code_2022.TriCombo" time="12.009" errors="0" timestamp="2022-10-30T19:47:13 EDT" skipped="0">
  <testcase classname="testng_code_2022.TriCombo" name="testcase1" time="4.128"/>
  <system-out/>
  <testcase classname="testng_code_2022.TriCombo" name="testcase2" time="7.881"/>
  <system-out/>
</testsuite> <!-- testng_code_2022.TriCombo -->
