<?xml version="1.0" encoding="UTF-8"?>
<!-- Generated by org.testng.reporters.JUnitReportReporter -->
<testsuite hostname="Shumson" failures="0" tests="5" name="testng_code_2022.Test_Excution5" time="1.286" errors="0" timestamp="2022-11-04T21:47:44 EDT" skipped="0">
  <testcase classname="testng_code_2022.Test_Excution5" name="testcase1" time="0.620"/>
  <system-out/>
  <testcase classname="testng_code_2022.Test_Excution5" name="testcase2" time="0.067"/>
  <system-out/>
  <testcase classname="testng_code_2022.Test_Excution5" name="testcase3" time="0.080"/>
  <system-out/>
  <testcase classname="testng_code_2022.Test_Excution5" name="testcase4" time="0.508"/>
  <system-out/>
  <testcase classname="testng_code_2022.Test_Excution5" name="testcase5" time="0.011"/>
  <system-out/>
</testsuite> <!-- testng_code_2022.Test_Excution5 -->
