<?xml version="1.0" encoding="UTF-8"?>
<!-- Generated by org.testng.reporters.JUnitReportReporter -->
<testsuite hostname="Shumson" failures="0" tests="4" name="testng_code_2022.Testcases_Excution1" time="10.699" errors="0" timestamp="2022-11-03T20:08:51 EDT" skipped="0">
  <testcase classname="testng_code_2022.Testcases_Excution1" name="testcase4" time="3.016"/>
  <system-out/>
  <testcase classname="testng_code_2022.Testcases_Excution1" name="testcase2" time="3.146"/>
  <system-out/>
  <testcase classname="testng_code_2022.Testcases_Excution1" name="testcase1" time="1.439"/>
  <system-out/>
  <testcase classname="testng_code_2022.Testcases_Excution1" name="testcase3" time="3.098"/>
  <system-out/>
</testsuite> <!-- testng_code_2022.Testcases_Excution1 -->
