<?xml version="1.0" encoding="UTF-8"?>
<!-- Generated by org.testng.reporters.JUnitReportReporter -->
<testsuite hostname="Shumson" failures="0" tests="3" name="testng_code_2022.Testcases_Excution1" time="8.110" errors="0" timestamp="2022-11-01T18:21:31 EDT" skipped="0">
  <testcase classname="testng_code_2022.Testcases_Excution1" name="testcase2" time="3.131"/>
  <system-out/>
  <testcase classname="testng_code_2022.Testcases_Excution1" name="testcase1" time="1.848"/>
  <system-out/>
  <testcase classname="testng_code_2022.Testcases_Excution1" name="testcase3" time="3.131"/>
  <system-out/>
</testsuite> <!-- testng_code_2022.Testcases_Excution1 -->
