<?xml version="1.0" encoding="UTF-8"?>
<!-- Generated by org.testng.reporters.JUnitReportReporter -->
<testsuite hostname="Shumson" failures="0" tests="5" name="testng_code_2022.Testcase_Excution3" time="19.215" errors="0" timestamp="2022-11-03T19:36:03 EDT" skipped="0">
  <testcase classname="testng_code_2022.Testcase_Excution3" name="testcase4" time="3.599"/>
  <system-out/>
  <testcase classname="testng_code_2022.Testcase_Excution3" name="testcase3" time="2.254"/>
  <system-out/>
  <testcase classname="testng_code_2022.Testcase_Excution3" name="testcase2" time="7.345"/>
  <system-out/>
  <testcase classname="testng_code_2022.Testcase_Excution3" name="testcase5" time="2.123"/>
  <system-out/>
  <testcase classname="testng_code_2022.Testcase_Excution3" name="testcase1" time="3.894"/>
  <system-out/>
</testsuite> <!-- testng_code_2022.Testcase_Excution3 -->
